==========================================
Atan Simulation
==========================================
At                  350ns, the test case FAIL! error_percent: 199.999985, arctan output: 89.999989, expected: -90.000003
At                  360ns, the test case PASS! error_percent: 0.000015, arctan output: -89.999989, expected: -90.000003
At                  370ns, the test case PASS! error_percent: 0.000015, arctan output: 89.999989, expected: 90.000003
At                  380ns, the test case PASS! error_percent: 0.000015, arctan output: -89.999989, expected: -90.000003
At                  390ns, the test case PASS! error_percent: 0.000015, arctan output: 89.999989, expected: 90.000003
At                  400ns, the test case PASS! error_percent: 0.000015, arctan output: -89.999989, expected: -90.000003
At                  410ns, the test case FAIL! error_percent: 199.999985, arctan output: -89.999989, expected: 90.000003
At                  420ns, the test case FAIL! error_percent: 199.999985, arctan output: 89.999989, expected: -90.000003
At                  430ns, the test case FAIL! error_percent: 199.999985, arctan output: 89.999989, expected: -90.000003
At                  440ns, the test case FAIL! error_percent: 199.999985, arctan output: -89.999989, expected: 90.000003
At                  450ns, the test case PASS! error_percent: 0.000015, arctan output: 89.999989, expected: 90.000003
At                  460ns, the test case PASS! error_percent: 0.000015, arctan output: -89.999989, expected: -90.000003
At                  470ns, the test case PASS! error_percent: 0.000015, arctan output: 89.999989, expected: 90.000003
At                  480ns, the test case PASS! error_percent: 0.000015, arctan output: -89.999989, expected: -90.000003
At                  490ns, the test case PASS! error_percent: 0.000015, arctan output: 89.999989, expected: 90.000003
At                  500ns, the test case FAIL! error_percent: 199.999985, arctan output: 89.999989, expected: -90.000003
At                  510ns, the test case FAIL! error_percent: 199.999985, arctan output: -89.999989, expected: 90.000003
At                  520ns, the test case FAIL! error_percent: 199.999985, arctan output: -89.999989, expected: 90.000003
At                  530ns, the test case PASS! error_percent: 0.000015, arctan output: -89.999989, expected: -90.000003
At                  540ns, the test case FAIL! error_percent: 199.999985, arctan output: 89.999989, expected: -90.000003
At                  550ns, the test case PASS! error_percent: 0.000015, arctan output: -89.999989, expected: -90.000003
At                  560ns, the test case PASS! error_percent: 0.000015, arctan output: 89.999989, expected: 90.000003
At                  570ns, the test case PASS! error_percent: 0.000015, arctan output: -89.999989, expected: -90.000003
At                  580ns, the test case FAIL! error_percent: 199.999985, arctan output: -89.999989, expected: 90.000003
At                  590ns, the test case PASS! error_percent: 0.000015, arctan output: -89.999989, expected: -90.000003
At                  600ns, the test case PASS! error_percent: 0.000015, arctan output: -89.999989, expected: -90.000003
At                  610ns, the test case PASS! error_percent: 0.000015, arctan output: -89.999989, expected: -90.000003
At                  620ns, the test case PASS! error_percent: 0.000015, arctan output: -89.999989, expected: -90.000003
At                  630ns, the test case PASS! error_percent: 0.000015, arctan output: -89.999989, expected: -90.000003
At                  640ns, the test case PASS! error_percent: 0.000015, arctan output: -89.999989, expected: -90.000003
At                  650ns, the test case FAIL! error_percent: 199.999985, arctan output: 89.999989, expected: -90.000003
At                  660ns, the test case PASS! error_percent: 0.000015, arctan output: -89.999989, expected: -90.000003
At                  670ns, the test case FAIL! error_percent: 199.999985, arctan output: -89.999989, expected: 90.000003
At                  680ns, the test case PASS! error_percent: 0.000015, arctan output: -89.999989, expected: -90.000003
At                  690ns, the test case PASS! error_percent: 0.000015, arctan output: -89.999989, expected: -90.000003
At                  700ns, the test case FAIL! error_percent: 199.999985, arctan output: 89.999989, expected: -90.000003
At                  710ns, the test case PASS! error_percent: 0.000015, arctan output: -89.999989, expected: -90.000003
At                  720ns, the test case PASS! error_percent: 0.000015, arctan output: 89.999989, expected: 90.000003
At                  730ns, the test case PASS! error_percent: 0.000015, arctan output: -89.999989, expected: -90.000003
At                  740ns, the test case PASS! error_percent: 0.000015, arctan output: 89.999989, expected: 90.000003
At                  750ns, the test case PASS! error_percent: 0.000015, arctan output: -89.999989, expected: -90.000003
At                  760ns, the test case FAIL! error_percent: 199.999985, arctan output: -89.999989, expected: 90.000003
At                  770ns, the test case FAIL! error_percent: 199.999985, arctan output: 89.999989, expected: -90.000003
At                  780ns, the test case PASS! error_percent: 0.000015, arctan output: -89.999989, expected: -90.000003
At                  790ns, the test case PASS! error_percent: 0.000015, arctan output: 89.999989, expected: 90.000003
At                  800ns, the test case PASS! error_percent: 0.000015, arctan output: -89.999989, expected: -90.000003
At                  810ns, the test case FAIL! error_percent: 199.999985, arctan output: -89.999989, expected: 90.000003
At                  820ns, the test case FAIL! error_percent: 199.999985, arctan output: 89.999989, expected: -90.000003
At                  830ns, the test case PASS! error_percent: 0.000015, arctan output: -89.999989, expected: -90.000003
At                  840ns, the test case PASS! error_percent: 0.000015, arctan output: 89.999989, expected: 90.000003
At                  850ns, the test case PASS! error_percent: 0.000015, arctan output: -89.999989, expected: -90.000003
At                  860ns, the test case FAIL! error_percent: 199.999985, arctan output: -89.999989, expected: 90.000003
At                  870ns, the test case PASS! error_percent: 0.000015, arctan output: -89.999989, expected: -90.000003
At                  880ns, the test case PASS! error_percent: 0.000015, arctan output: -89.999989, expected: -90.000003
At                  890ns, the test case FAIL! error_percent: 199.999985, arctan output: 89.999989, expected: -90.000003
At                  900ns, the test case FAIL! error_percent: 199.999985, arctan output: 89.999989, expected: -90.000003
At                  910ns, the test case FAIL! error_percent: 199.999985, arctan output: -89.999989, expected: 90.000003
At                  920ns, the test case PASS! error_percent: 0.000015, arctan output: 89.999989, expected: 90.000003
At                  930ns, the test case FAIL! error_percent: 199.999985, arctan output: 89.999989, expected: -90.000003
At                  940ns, the test case FAIL! error_percent: 199.999985, arctan output: -89.999989, expected: 90.000003
At                  950ns, the test case PASS! error_percent: 0.000015, arctan output: 89.999989, expected: 90.000003
At                  960ns, the test case PASS! error_percent: 0.000015, arctan output: -89.999989, expected: -90.000003
At                  970ns, the test case PASS! error_percent: 0.000015, arctan output: 89.999989, expected: 90.000003
At                  980ns, the test case FAIL! error_percent: 199.999985, arctan output: 89.999989, expected: -90.000003
At                  990ns, the test case FAIL! error_percent: 199.999985, arctan output: -89.999989, expected: 90.000003
At                 1000ns, the test case PASS! error_percent: 0.000015, arctan output: 89.999989, expected: 90.000003
At                 1010ns, the test case PASS! error_percent: 0.000015, arctan output: -89.999989, expected: -90.000003
At                 1020ns, the test case FAIL! error_percent: 199.999985, arctan output: -89.999989, expected: 90.000003
At                 1030ns, the test case PASS! error_percent: 0.000015, arctan output: -89.999989, expected: -90.000003
At                 1040ns, the test case PASS! error_percent: 0.000015, arctan output: -89.999989, expected: -90.000003
At                 1050ns, the test case PASS! error_percent: 0.000015, arctan output: -89.999989, expected: -90.000003
At                 1060ns, the test case FAIL! error_percent: 199.999985, arctan output: 89.999989, expected: -90.000003
At                 1070ns, the test case FAIL! error_percent: 199.999985, arctan output: 89.999989, expected: -90.000003
At                 1080ns, the test case FAIL! error_percent: 199.999985, arctan output: -89.999989, expected: 90.000003
At                 1090ns, the test case PASS! error_percent: 0.000015, arctan output: 89.999989, expected: 90.000003
At                 1100ns, the test case PASS! error_percent: 0.000015, arctan output: -89.999989, expected: -90.000003
At                 1110ns, the test case FAIL! error_percent: 199.999985, arctan output: -89.999989, expected: 90.000003
At                 1120ns, the test case PASS! error_percent: 0.000015, arctan output: -89.999989, expected: -90.000003
At                 1130ns, the test case FAIL! error_percent: 199.999985, arctan output: 89.999989, expected: -90.000003
At                 1140ns, the test case PASS! error_percent: 0.000015, arctan output: -89.999989, expected: -90.000003
At                 1150ns, the test case PASS! error_percent: 0.000015, arctan output: 89.999989, expected: 90.000003
At                 1160ns, the test case PASS! error_percent: 0.000015, arctan output: -89.999989, expected: -90.000003
At                 1170ns, the test case PASS! error_percent: 0.000015, arctan output: 89.999989, expected: 90.000003
At                 1180ns, the test case PASS! error_percent: 0.000015, arctan output: -89.999989, expected: -90.000003
At                 1190ns, the test case FAIL! error_percent: 199.999985, arctan output: -89.999989, expected: 90.000003
At                 1200ns, the test case PASS! error_percent: 0.000015, arctan output: -89.999989, expected: -90.000003
At                 1210ns, the test case PASS! error_percent: 0.000015, arctan output: -89.999989, expected: -90.000003
At                 1220ns, the test case PASS! error_percent: 0.000015, arctan output: -89.999989, expected: -90.000003
At                 1230ns, the test case FAIL! error_percent: 199.999985, arctan output: 89.999989, expected: -90.000003
At                 1240ns, the test case FAIL! error_percent: 199.999985, arctan output: 89.999989, expected: -90.000003
At                 1250ns, the test case FAIL! error_percent: 199.999985, arctan output: -89.999989, expected: 90.000003
At                 1260ns, the test case FAIL! error_percent: 199.999985, arctan output: -89.999989, expected: 90.000003
At                 1270ns, the test case FAIL! error_percent: 199.999985, arctan output: 89.999989, expected: -90.000003
At                 1280ns, the test case PASS! error_percent: 0.000015, arctan output: -89.999989, expected: -90.000003
At                 1290ns, the test case FAIL! error_percent: 199.999985, arctan output: -89.999989, expected: 90.000003
At                 1300ns, the test case PASS! error_percent: 0.000015, arctan output: -89.999989, expected: -90.000003
At                 1310ns, the test case FAIL! error_percent: 199.999985, arctan output: 89.999989, expected: -90.000003
At                 1320ns, the test case PASS! error_percent: 0.000015, arctan output: -89.999989, expected: -90.000003
At                 1330ns, the test case FAIL! error_percent: 199.999985, arctan output: -89.999989, expected: 90.000003
At                 1340ns, the test case PASS! error_percent: 0.000015, arctan output: -89.999989, expected: -90.000003
At                 1350ns, the test case PASS! error_percent: 0.000015, arctan output: -89.999989, expected: -90.000003
At                 1360ns, the test case PASS! error_percent: 0.000015, arctan output: -89.999989, expected: -90.000003
At                 1370ns, the test case FAIL! error_percent: 199.999985, arctan output: 89.999989, expected: -90.000003
At                 1380ns, the test case PASS! error_percent: 0.000015, arctan output: -89.999989, expected: -90.000003
At                 1390ns, the test case PASS! error_percent: 0.000015, arctan output: 89.999989, expected: 90.000003
At                 1400ns, the test case PASS! error_percent: 0.000015, arctan output: -89.999989, expected: -90.000003
At                 1410ns, the test case PASS! error_percent: 0.000015, arctan output: 89.999989, expected: 90.000003
At                 1420ns, the test case FAIL! error_percent: 199.999985, arctan output: 89.999989, expected: -90.000003
At                 1430ns, the test case PASS! error_percent: 0.000015, arctan output: 89.999989, expected: 90.000003
At                 1440ns, the test case FAIL! error_percent: 199.999985, arctan output: -89.999989, expected: 90.000003
At                 1450ns, the test case PASS! error_percent: 0.000015, arctan output: 89.999989, expected: 90.000003
At                 1460ns, the test case FAIL! error_percent: 199.999985, arctan output: 89.999989, expected: -90.000003
At                 1470ns, the test case PASS! error_percent: 0.000015, arctan output: 89.999989, expected: 90.000003
At                 1480ns, the test case FAIL! error_percent: 199.999985, arctan output: -89.999989, expected: 90.000003
At                 1490ns, the test case PASS! error_percent: 0.000015, arctan output: 89.999989, expected: 90.000003
At                 1500ns, the test case FAIL! error_percent: 199.999985, arctan output: 89.999989, expected: -90.000003
At                 1510ns, the test case FAIL! error_percent: 199.999985, arctan output: -89.999989, expected: 90.000003
At                 1520ns, the test case FAIL! error_percent: 199.999985, arctan output: -89.999989, expected: 90.000003
At                 1530ns, the test case PASS! error_percent: 0.000015, arctan output: -89.999989, expected: -90.000003
At                 1540ns, the test case FAIL! error_percent: 199.999985, arctan output: 89.999989, expected: -90.000003
At                 1550ns, the test case PASS! error_percent: 0.000015, arctan output: -89.999989, expected: -90.000003
At                 1560ns, the test case PASS! error_percent: 0.000015, arctan output: 89.999989, expected: 90.000003
At                 1570ns, the test case FAIL! error_percent: 199.999985, arctan output: 89.999989, expected: -90.000003
At                 1580ns, the test case PASS! error_percent: 0.000015, arctan output: 89.999989, expected: 90.000003
At                 1590ns, the test case FAIL! error_percent: 199.999985, arctan output: -89.999989, expected: 90.000003
At                 1600ns, the test case PASS! error_percent: 0.000015, arctan output: 89.999989, expected: 90.000003
At                 1610ns, the test case FAIL! error_percent: 199.999985, arctan output: 89.999989, expected: -90.000003
At                 1620ns, the test case PASS! error_percent: 0.000015, arctan output: 89.999989, expected: 90.000003
At                 1630ns, the test case PASS! error_percent: 0.000015, arctan output: 89.999989, expected: 90.000003
At                 1640ns, the test case PASS! error_percent: 0.000015, arctan output: 89.999989, expected: 90.000003
At                 1650ns, the test case PASS! error_percent: 0.000015, arctan output: 89.999989, expected: 90.000003
At                 1660ns, the test case FAIL! error_percent: 199.999985, arctan output: -89.999989, expected: 90.000003
At                 1670ns, the test case FAIL! error_percent: 199.999985, arctan output: -89.999989, expected: 90.000003
At                 1680ns, the test case PASS! error_percent: 0.000015, arctan output: -89.999989, expected: -90.000003
At                 1690ns, the test case PASS! error_percent: 0.000015, arctan output: -89.999989, expected: -90.000003
At                 1700ns, the test case PASS! error_percent: 0.000015, arctan output: -89.999989, expected: -90.000003
At                 1710ns, the test case FAIL! error_percent: 199.999985, arctan output: 89.999989, expected: -90.000003
At                 1720ns, the test case PASS! error_percent: 0.000015, arctan output: -89.999989, expected: -90.000003
At                 1730ns, the test case FAIL! error_percent: 199.999985, arctan output: -89.999989, expected: 90.000003
At                 1740ns, the test case FAIL! error_percent: 199.999985, arctan output: 89.999989, expected: -90.000003
At                 1750ns, the test case FAIL! error_percent: 199.999985, arctan output: 89.999989, expected: -90.000003
At                 1760ns, the test case PASS! error_percent: 0.000015, arctan output: 89.999989, expected: 90.000003
At                 1770ns, the test case PASS! error_percent: 0.000015, arctan output: 89.999989, expected: 90.000003
At                 1780ns, the test case FAIL! error_percent: 199.999985, arctan output: -89.999989, expected: 90.000003
At                 1790ns, the test case PASS! error_percent: 0.000015, arctan output: 89.999989, expected: 90.000003
At                 1800ns, the test case FAIL! error_percent: 199.999985, arctan output: 89.999989, expected: -90.000003
At                 1810ns, the test case PASS! error_percent: 0.000015, arctan output: 89.999989, expected: 90.000003
At                 1820ns, the test case PASS! error_percent: 0.000015, arctan output: 89.999989, expected: 90.000003
At                 1830ns, the test case PASS! error_percent: 0.000015, arctan output: 89.999989, expected: 90.000003
At                 1840ns, the test case FAIL! error_percent: 199.999985, arctan output: -89.999989, expected: 90.000003
At                 1850ns, the test case PASS! error_percent: 0.000015, arctan output: 89.999989, expected: 90.000003
At                 1860ns, the test case PASS! error_percent: 0.000015, arctan output: -89.999989, expected: -90.000003
At                 1870ns, the test case FAIL! error_percent: 199.999985, arctan output: -89.999989, expected: 90.000003
At                 1880ns, the test case PASS! error_percent: 0.000015, arctan output: -89.999989, expected: -90.000003
At                 1890ns, the test case FAIL! error_percent: 199.999985, arctan output: 89.999989, expected: -90.000003
At                 1900ns, the test case FAIL! error_percent: 199.999985, arctan output: 89.999989, expected: -90.000003
At                 1910ns, the test case PASS! error_percent: 0.000015, arctan output: 89.999989, expected: 90.000003
At                 1920ns, the test case PASS! error_percent: 0.000015, arctan output: 89.999989, expected: 90.000003
At                 1930ns, the test case FAIL! error_percent: 199.999985, arctan output: -89.999989, expected: 90.000003
At                 1940ns, the test case FAIL! error_percent: 199.999985, arctan output: -89.999989, expected: 90.000003
At                 1950ns, the test case PASS! error_percent: 0.000015, arctan output: -89.999989, expected: -90.000003
At                 1960ns, the test case FAIL! error_percent: 199.999985, arctan output: 89.999989, expected: -90.000003
At                 1970ns, the test case PASS! error_percent: 0.000015, arctan output: -89.999989, expected: -90.000003
At                 1980ns, the test case PASS! error_percent: 0.000015, arctan output: 89.999989, expected: 90.000003
At                 1990ns, the test case PASS! error_percent: 0.000015, arctan output: -89.999989, expected: -90.000003
At                 2000ns, the test case FAIL! error_percent: 199.999985, arctan output: -89.999989, expected: 90.000003
At                 2010ns, the test case FAIL! error_percent: 199.999985, arctan output: 89.999989, expected: -90.000003
At                 2020ns, the test case PASS! error_percent: 0.000015, arctan output: -89.999989, expected: -90.000003
At                 2030ns, the test case FAIL! error_percent: 199.999985, arctan output: -89.999989, expected: 90.000003
At                 2040ns, the test case PASS! error_percent: 0.000015, arctan output: -89.999989, expected: -90.000003
At                 2050ns, the test case PASS! error_percent: 0.000015, arctan output: -89.999989, expected: -90.000003
At                 2060ns, the test case FAIL! error_percent: 199.999985, arctan output: 89.999989, expected: -90.000003
At                 2070ns, the test case FAIL! error_percent: 199.999985, arctan output: 89.999989, expected: -90.000003
At                 2080ns, the test case PASS! error_percent: 0.000015, arctan output: 89.999989, expected: 90.000003
At                 2090ns, the test case FAIL! error_percent: 199.999985, arctan output: -89.999989, expected: 90.000003
At                 2100ns, the test case FAIL! error_percent: 199.999985, arctan output: -89.999989, expected: 90.000003
At                 2110ns, the test case PASS! error_percent: 0.000015, arctan output: -89.999989, expected: -90.000003
At                 2120ns, the test case FAIL! error_percent: 199.999985, arctan output: 89.999989, expected: -90.000003
At                 2130ns, the test case FAIL! error_percent: 199.999985, arctan output: 89.999989, expected: -90.000003
At                 2140ns, the test case PASS! error_percent: 0.000015, arctan output: 89.999989, expected: 90.000003
At                 2150ns, the test case PASS! error_percent: 0.000015, arctan output: 89.999989, expected: 90.000003
At                 2160ns, the test case PASS! error_percent: 0.000015, arctan output: 89.999989, expected: 90.000003
At                 2170ns, the test case FAIL! error_percent: 199.999985, arctan output: -89.999989, expected: 90.000003
At                 2180ns, the test case PASS! error_percent: 0.000015, arctan output: 89.999989, expected: 90.000003
At                 2190ns, the test case PASS! error_percent: 0.000015, arctan output: -89.999989, expected: -90.000003
At                 2200ns, the test case PASS! error_percent: 0.000015, arctan output: 89.999989, expected: 90.000003
At                 2210ns, the test case FAIL! error_percent: 199.999985, arctan output: 89.999989, expected: -90.000003
At                 2220ns, the test case FAIL! error_percent: 199.999985, arctan output: -89.999989, expected: 90.000003
At                 2230ns, the test case FAIL! error_percent: 199.999985, arctan output: -89.999989, expected: 90.000003
At                 2240ns, the test case PASS! error_percent: 0.000015, arctan output: -89.999989, expected: -90.000003
At                 2250ns, the test case PASS! error_percent: 0.000015, arctan output: -89.999989, expected: -90.000003
At                 2260ns, the test case PASS! error_percent: 0.000015, arctan output: -89.999989, expected: -90.000003
At                 2270ns, the test case FAIL! error_percent: 199.999985, arctan output: 89.999989, expected: -90.000003
At                 2280ns, the test case PASS! error_percent: 0.000015, arctan output: -89.999989, expected: -90.000003
At                 2290ns, the test case PASS! error_percent: 0.000015, arctan output: 89.999989, expected: 90.000003
At                 2300ns, the test case PASS! error_percent: 0.000015, arctan output: -89.999989, expected: -90.000003
At                 2310ns, the test case PASS! error_percent: 0.000015, arctan output: 89.999989, expected: 90.000003
At                 2320ns, the test case FAIL! error_percent: 199.999985, arctan output: 89.999989, expected: -90.000003
At                 2330ns, the test case FAIL! error_percent: 199.999985, arctan output: -89.999989, expected: 90.000003
At                 2340ns, the test case FAIL! error_percent: 199.999985, arctan output: -89.999989, expected: 90.000003
At                 2350ns, the test case PASS! error_percent: 0.000015, arctan output: -89.999989, expected: -90.000003
At                 2360ns, the test case FAIL! error_percent: 199.999985, arctan output: 89.999989, expected: -90.000003
At                 2370ns, the test case PASS! error_percent: 0.000015, arctan output: -89.999989, expected: -90.000003
At                 2380ns, the test case FAIL! error_percent: 199.999985, arctan output: -89.999989, expected: 90.000003
At                 2390ns, the test case PASS! error_percent: 0.000015, arctan output: -89.999989, expected: -90.000003
At                 2400ns, the test case PASS! error_percent: 0.000015, arctan output: -89.999989, expected: -90.000003
At                 2410ns, the test case PASS! error_percent: 0.000015, arctan output: -89.999989, expected: -90.000003
At                 2420ns, the test case FAIL! error_percent: 199.999985, arctan output: 89.999989, expected: -90.000003
At                 2430ns, the test case PASS! error_percent: 0.000015, arctan output: -89.999989, expected: -90.000003
At                 2440ns, the test case PASS! error_percent: 0.000015, arctan output: 89.999989, expected: 90.000003
At                 2450ns, the test case FAIL! error_percent: 199.999985, arctan output: 89.999989, expected: -90.000003
At                 2460ns, the test case FAIL! error_percent: 199.999985, arctan output: -89.999989, expected: 90.000003
At                 2470ns, the test case FAIL! error_percent: 199.999985, arctan output: -89.999989, expected: 90.000003
At                 2480ns, the test case FAIL! error_percent: 199.999985, arctan output: 89.999989, expected: -90.000003
At                 2490ns, the test case FAIL! error_percent: 199.999985, arctan output: 89.999989, expected: -90.000003
At                 2500ns, the test case PASS! error_percent: 0.000015, arctan output: 89.999989, expected: 90.000003
At                 2510ns, the test case FAIL! error_percent: 199.999985, arctan output: -89.999989, expected: 90.000003
At                 2520ns, the test case FAIL! error_percent: 199.999985, arctan output: -89.999989, expected: 90.000003
At                 2530ns, the test case FAIL! error_percent: 199.999985, arctan output: 89.999989, expected: -90.000003
At                 2540ns, the test case PASS! error_percent: 0.000015, arctan output: -89.999989, expected: -90.000003
At                 2550ns, the test case FAIL! error_percent: 199.999985, arctan output: -89.999989, expected: 90.000003
At                 2560ns, the test case PASS! error_percent: 0.000015, arctan output: -89.999989, expected: -90.000003
At                 2570ns, the test case FAIL! error_percent: 199.999985, arctan output: 89.999989, expected: -90.000003
At                 2580ns, the test case FAIL! error_percent: 199.999985, arctan output: 89.999989, expected: -90.000003
At                 2590ns, the test case PASS! error_percent: 0.000015, arctan output: 89.999989, expected: 90.000003
At                 2600ns, the test case PASS! error_percent: 0.000015, arctan output: 89.999989, expected: 90.000003
At                 2610ns, the test case PASS! error_percent: 0.000015, arctan output: 89.999989, expected: 90.000003
At                 2620ns, the test case FAIL! error_percent: 199.999985, arctan output: -89.999989, expected: 90.000003
At                 2630ns, the test case PASS! error_percent: 0.000015, arctan output: 89.999989, expected: 90.000003
At                 2640ns, the test case PASS! error_percent: 0.000015, arctan output: -89.999989, expected: -90.000003
At                 2650ns, the test case FAIL! error_percent: 199.999985, arctan output: -89.999989, expected: 90.000003
At                 2660ns, the test case FAIL! error_percent: 199.999985, arctan output: 89.999989, expected: -90.000003
At                 2670ns, the test case FAIL! error_percent: 199.999985, arctan output: 89.999989, expected: -90.000003
At                 2680ns, the test case FAIL! error_percent: 199.999985, arctan output: -89.999989, expected: 90.000003
At                 2690ns, the test case FAIL! error_percent: 199.999985, arctan output: -89.999989, expected: 90.000003
At                 2700ns, the test case FAIL! error_percent: 199.999985, arctan output: 89.999989, expected: -90.000003
At                 2710ns, the test case PASS! error_percent: 0.000015, arctan output: -89.999989, expected: -90.000003
At                 2720ns, the test case PASS! error_percent: 0.000015, arctan output: 89.999989, expected: 90.000003
At                 2730ns, the test case PASS! error_percent: 0.000015, arctan output: -89.999989, expected: -90.000003
At                 2740ns, the test case PASS! error_percent: 0.000015, arctan output: 89.999989, expected: 90.000003
At                 2750ns, the test case FAIL! error_percent: 199.999985, arctan output: 89.999989, expected: -90.000003
At                 2760ns, the test case FAIL! error_percent: 199.999985, arctan output: -89.999989, expected: 90.000003
At                 2770ns, the test case FAIL! error_percent: 199.999985, arctan output: -89.999989, expected: 90.000003
At                 2780ns, the test case PASS! error_percent: 0.000015, arctan output: -89.999989, expected: -90.000003
At                 2790ns, the test case PASS! error_percent: 0.000015, arctan output: -89.999989, expected: -90.000003
At                 2800ns, the test case FAIL! error_percent: 199.999985, arctan output: 89.999989, expected: -90.000003
At                 2810ns, the test case PASS! error_percent: 0.000015, arctan output: -89.999989, expected: -90.000003
At                 2820ns, the test case PASS! error_percent: 0.000015, arctan output: 89.999989, expected: 90.000003
At                 2830ns, the test case PASS! error_percent: 0.000015, arctan output: -89.999989, expected: -90.000003
At                 2840ns, the test case PASS! error_percent: 0.000015, arctan output: 89.999989, expected: 90.000003
At                 2850ns, the test case PASS! error_percent: 0.000015, arctan output: -89.999989, expected: -90.000003
At                 2860ns, the test case PASS! error_percent: 0.000015, arctan output: 89.999989, expected: 90.000003
At                 2870ns, the test case FAIL! error_percent: 199.999985, arctan output: 89.999989, expected: -90.000003
At                 2880ns, the test case FAIL! error_percent: 199.999985, arctan output: -89.999989, expected: 90.000003
At                 2890ns, the test case PASS! error_percent: 0.000015, arctan output: 89.999989, expected: 90.000003
At                 2900ns, the test case FAIL! error_percent: 199.999985, arctan output: 89.999989, expected: -90.000003
At                 2910ns, the test case FAIL! error_percent: 199.999985, arctan output: -89.999989, expected: 90.000003
At                 2920ns, the test case PASS! error_percent: 0.000015, arctan output: 89.999989, expected: 90.000003
At                 2930ns, the test case FAIL! error_percent: 199.999985, arctan output: 89.999989, expected: -90.000003
At                 2940ns, the test case FAIL! error_percent: 199.999985, arctan output: -89.999989, expected: 90.000003
At                 2950ns, the test case PASS! error_percent: 0.000015, arctan output: 89.999989, expected: 90.000003
At                 2960ns, the test case PASS! error_percent: 0.000015, arctan output: -89.999989, expected: -90.000003
At                 2970ns, the test case FAIL! error_percent: 199.999985, arctan output: -89.999989, expected: 90.000003
At                 2980ns, the test case PASS! error_percent: 0.000015, arctan output: -89.999989, expected: -90.000003
At                 2990ns, the test case PASS! error_percent: 0.000015, arctan output: -89.999989, expected: -90.000003
At                 3000ns, the test case PASS! error_percent: 0.000015, arctan output: -89.999989, expected: -90.000003
At                 3010ns, the test case FAIL! error_percent: 199.999985, arctan output: 89.999989, expected: -90.000003
At                 3020ns, the test case PASS! error_percent: 0.000015, arctan output: -89.999989, expected: -90.000003
At                 3030ns, the test case FAIL! error_percent: 199.999985, arctan output: -89.999989, expected: 90.000003
At                 3040ns, the test case PASS! error_percent: 0.000015, arctan output: -89.999989, expected: -90.000003
At                 3050ns, the test case FAIL! error_percent: 199.999985, arctan output: 89.999989, expected: -90.000003
At                 3060ns, the test case PASS! error_percent: 0.000015, arctan output: -89.999989, expected: -90.000003
At                 3070ns, the test case PASS! error_percent: 0.000015, arctan output: 89.999989, expected: 90.000003
At                 3080ns, the test case FAIL! error_percent: 199.999985, arctan output: 89.999989, expected: -90.000003
At                 3090ns, the test case PASS! error_percent: 0.000015, arctan output: 89.999989, expected: 90.000003
At                 3100ns, the test case FAIL! error_percent: 199.999985, arctan output: -89.999989, expected: 90.000003
At                 3110ns, the test case FAIL! error_percent: 199.999985, arctan output: -89.999989, expected: 90.000003
At                 3120ns, the test case PASS! error_percent: 0.000015, arctan output: -89.999989, expected: -90.000003
At                 3130ns, the test case PASS! error_percent: 0.000015, arctan output: -89.999989, expected: -90.000003
At                 3140ns, the test case PASS! error_percent: 0.000015, arctan output: -89.999989, expected: -90.000003
At                 3150ns, the test case FAIL! error_percent: 199.999985, arctan output: 89.999989, expected: -90.000003
At                 3160ns, the test case PASS! error_percent: 0.000015, arctan output: -89.999989, expected: -90.000003
At                 3170ns, the test case FAIL! error_percent: 199.999985, arctan output: -89.999989, expected: 90.000003
At                 3180ns, the test case PASS! error_percent: 0.000015, arctan output: -89.999989, expected: -90.000003
At                 3190ns, the test case PASS! error_percent: 0.000015, arctan output: -89.999989, expected: -90.000003
At                 3200ns, the test case FAIL! error_percent: 199.999985, arctan output: 89.999989, expected: -90.000003
At                 3210ns, the test case PASS! error_percent: 0.000015, arctan output: -89.999989, expected: -90.000003
At                 3220ns, the test case PASS! error_percent: 0.000015, arctan output: 89.999989, expected: 90.000003
At                 3230ns, the test case FAIL! error_percent: 199.999985, arctan output: 89.999989, expected: -90.000003
At                 3240ns, the test case FAIL! error_percent: 199.999985, arctan output: -89.999989, expected: 90.000003
At                 3250ns, the test case FAIL! error_percent: 199.999985, arctan output: -89.999989, expected: 90.000003
At                 3260ns, the test case FAIL! error_percent: 199.999985, arctan output: 89.999989, expected: -90.000003
At                 3270ns, the test case PASS! error_percent: 0.000015, arctan output: -89.999989, expected: -90.000003
At                 3280ns, the test case PASS! error_percent: 0.000015, arctan output: 89.999989, expected: 90.000003
At                 3290ns, the test case PASS! error_percent: 0.000015, arctan output: -89.999989, expected: -90.000003
At                 3300ns, the test case FAIL! error_percent: 199.999985, arctan output: -89.999989, expected: 90.000003
At                 3310ns, the test case PASS! error_percent: 0.000015, arctan output: -89.999989, expected: -90.000003
At                 3320ns, the test case PASS! error_percent: 0.000015, arctan output: -89.999989, expected: -90.000003
At                 3330ns, the test case PASS! error_percent: 0.000015, arctan output: -89.999989, expected: -90.000003
At                 3340ns, the test case FAIL! error_percent: 199.999985, arctan output: 89.999989, expected: -90.000003
At                 3350ns, the test case PASS! error_percent: 0.000015, arctan output: -89.999989, expected: -90.000003
At                 3360ns, the test case PASS! error_percent: 0.000015, arctan output: 89.999989, expected: 90.000003
At                 3370ns, the test case FAIL! error_percent: 199.999985, arctan output: 89.999989, expected: -90.000003
At                 3380ns, the test case FAIL! error_percent: 199.999985, arctan output: -89.999989, expected: 90.000003
At                 3390ns, the test case PASS! error_percent: 0.000015, arctan output: 89.999989, expected: 90.000003
At                 3400ns, the test case FAIL! error_percent: 199.999985, arctan output: 89.999989, expected: -90.000003
At                 3410ns, the test case FAI